/home/gansen/mysql/5.7.25/default/bin/mysqld, Version: 5.7.25-log (Source distribution). started with:
Tcp port: 3306  Unix socket: /tmp/mysql.sock
Time                 Id Command    Argument
2020-05-26T18:41:46.893113Z	  237 Connect	root@10.0.0.103 on spree_base using TCP/IP
2020-05-26T18:41:46.898129Z	  237 Query	/* mysql-connector-java-5.1.41 ( Revision: 83c6dc41b96809df81444362933043b20a1d49d5 ) */SELECT  @@session.auto_increment_increment AS auto_increment_increment, @@character_set_client AS character_set_client, @@character_set_connection AS character_set_connection, @@character_set_results AS character_set_results, @@character_set_server AS character_set_server, @@init_connect AS init_connect, @@interactive_timeout AS interactive_timeout, @@license AS license, @@lower_case_table_names AS lower_case_table_names, @@max_allowed_packet AS max_allowed_packet, @@net_buffer_length AS net_buffer_length, @@net_write_timeout AS net_write_timeout, @@query_cache_size AS query_cache_size, @@query_cache_type AS query_cache_type, @@sql_mode AS sql_mode, @@system_time_zone AS system_time_zone, @@time_zone AS time_zone, @@tx_isolation AS tx_isolation, @@wait_timeout AS wait_timeout
2020-05-26T18:41:46.925819Z	  237 Query	SHOW WARNINGS
2020-05-26T18:41:46.928249Z	  237 Query	SET NAMES latin1
2020-05-26T18:41:46.928518Z	  237 Query	SET character_set_results = NULL
2020-05-26T18:41:46.929010Z	  237 Query	SET autocommit=1
2020-05-26T18:41:46.931740Z	  237 Quit	
2020-05-26T18:41:46.935098Z	  238 Connect	root@10.0.0.103 on spree_base using TCP/IP
2020-05-26T18:41:46.935524Z	  238 Query	/* mysql-connector-java-5.1.41 ( Revision: 83c6dc41b96809df81444362933043b20a1d49d5 ) */SELECT  @@session.auto_increment_increment AS auto_increment_increment, @@character_set_client AS character_set_client, @@character_set_connection AS character_set_connection, @@character_set_results AS character_set_results, @@character_set_server AS character_set_server, @@init_connect AS init_connect, @@interactive_timeout AS interactive_timeout, @@license AS license, @@lower_case_table_names AS lower_case_table_names, @@max_allowed_packet AS max_allowed_packet, @@net_buffer_length AS net_buffer_length, @@net_write_timeout AS net_write_timeout, @@query_cache_size AS query_cache_size, @@query_cache_type AS query_cache_type, @@sql_mode AS sql_mode, @@system_time_zone AS system_time_zone, @@time_zone AS time_zone, @@tx_isolation AS tx_isolation, @@wait_timeout AS wait_timeout
2020-05-26T18:41:46.936064Z	  238 Query	SHOW WARNINGS
2020-05-26T18:41:46.936954Z	  238 Query	SET NAMES latin1
2020-05-26T18:41:46.937123Z	  238 Query	SET character_set_results = NULL
2020-05-26T18:41:46.937308Z	  238 Query	SET autocommit=1
2020-05-26T18:41:47.306379Z	  238 Query	SHOW FULL TABLES FROM `spree_base` LIKE '%'
2020-05-26T18:41:47.381533Z	  238 Query	SHOW FULL TABLES FROM `spree_base` LIKE 'spree_orders'
2020-05-26T18:41:47.382715Z	  238 Query	SHOW FULL COLUMNS FROM `spree_orders` FROM `spree_base` LIKE '%'
2020-05-26T18:41:48.031402Z	  238 Query	SELECT COUNT(DISTINCT `id`)
FROM `spree_orders`
WHERE `completed_at` IS NOT NULL
2020-05-26T18:41:48.129162Z	  238 Query	SELECT COUNT(DISTINCT `id`)
FROM `spree_orders`
WHERE `number` LIKE '%R200%' AND `completed_at` IS NOT NULL
2020-05-26T18:41:48.187023Z	  238 Query	SELECT COUNT(DISTINCT `id`)
FROM `spree_orders`
WHERE `payment_state` = 'balance_due' AND `completed_at` IS NOT NULL
2020-05-26T18:41:48.235273Z	  238 Query	SELECT COUNT(DISTINCT `id`)
FROM `spree_orders`
WHERE `shipment_state` = 'pending' AND `completed_at` IS NOT NULL
2020-05-26T18:41:48.253065Z	  238 Query	SHOW FULL TABLES FROM `spree_base` LIKE 'spree_adjustments'
2020-05-26T18:41:48.257208Z	  238 Query	SHOW FULL COLUMNS FROM `spree_adjustments` FROM `spree_base` LIKE '%'
2020-05-26T18:41:48.260333Z	  238 Query	SHOW FULL TABLES FROM `spree_base` LIKE 'spree_line_items'
2020-05-26T18:41:48.261138Z	  238 Query	SHOW FULL COLUMNS FROM `spree_line_items` FROM `spree_base` LIKE '%'
2020-05-26T18:41:48.768933Z	  238 Query	SELECT `id`, `created_at`
FROM `spree_line_items`
WHERE `order_id` = 1
2020-05-26T18:41:48.784026Z	  238 Query	SELECT *
FROM `spree_adjustments`
WHERE `adjustable_type` = 'Spree::LineItem' AND `source_type` = 'Spree::TaxRate'
2020-05-26T18:41:48.827168Z	  238 Query	SHOW FULL TABLES FROM `spree_base` LIKE 'spree_products'
2020-05-26T18:41:48.828203Z	  238 Query	SHOW FULL COLUMNS FROM `spree_products` FROM `spree_base` LIKE '%'
2020-05-26T18:41:48.830869Z	  238 Query	SHOW FULL TABLES FROM `spree_base` LIKE 'spree_variants'
2020-05-26T18:41:48.831874Z	  238 Query	SHOW FULL COLUMNS FROM `spree_variants` FROM `spree_base` LIKE '%'
2020-05-26T18:41:48.837012Z	  238 Query	SHOW FULL TABLES FROM `spree_base` LIKE 'spree_prices'
2020-05-26T18:41:48.838006Z	  238 Query	SHOW FULL COLUMNS FROM `spree_prices` FROM `spree_base` LIKE '%'
2020-05-26T18:41:50.296154Z	  238 Query	SELECT `t4`.`id`, `t4`.`name`, `t4`.`description`, `t4`.`available_on`, `t4`.`discontinue_on`, `t4`.`deleted_at`, `t4`.`slug`, `t4`.`meta_description`, `t4`.`meta_keywords`, `t4`.`tax_category_id`, `t4`.`shipping_category_id`, `t4`.`created_at`, `t4`.`updated_at`, `t4`.`promotionable`, `t4`.`meta_title`
FROM (SELECT `variant_id`, `deleted_at` IS NULL AS `$f7`
FROM `spree_prices`
WHERE `deleted_at` IS NULL) AS `t0`
INNER JOIN (SELECT `t3`.`id`, `t3`.`name`, `t3`.`description`, `t3`.`available_on`, `t3`.`discontinue_on`, `t3`.`deleted_at`, `t3`.`slug`, `t3`.`meta_description`, `t3`.`meta_keywords`, `t3`.`tax_category_id`, `t3`.`shipping_category_id`, `t3`.`created_at`, `t3`.`updated_at`, `t3`.`promotionable`, `t3`.`meta_title`, `t2`.`id` AS `id0`
FROM (SELECT `id`, `is_master`, `product_id`, `deleted_at` IS NULL AS `$f18`
FROM `spree_variants`
WHERE `deleted_at` IS NULL AND `is_master`) AS `t2`
INNER JOIN (SELECT *
FROM `spree_products`
WHERE `deleted_at` IS NULL AND (`deleted_at` IS NULL OR `deleted_at` >= TIMESTAMP '2020-05-01 07:17:47') AND (`discontinue_on` IS NULL OR `discontinue_on` >= TIMESTAMP '2020-05-01 07:17:47') AND `available_on` <= TIMESTAMP '2020-05-01 07:17:47') AS `t3` ON `t2`.`product_id` = `t3`.`id`) AS `t4` ON `t0`.`variant_id` = `t4`.`id0`
GROUP BY `t4`.`id`, `t4`.`name`, `t4`.`description`, `t4`.`available_on`, `t4`.`discontinue_on`, `t4`.`deleted_at`, `t4`.`slug`, `t4`.`meta_description`, `t4`.`meta_keywords`, `t4`.`tax_category_id`, `t4`.`shipping_category_id`, `t4`.`created_at`, `t4`.`updated_at`, `t4`.`promotionable`, `t4`.`meta_title`
2020-05-26T18:41:51.324088Z	  238 Query	SELECT `t4`.`id`, `t4`.`name`, `t4`.`description`, `t4`.`available_on`, `t4`.`discontinue_on`, `t4`.`deleted_at`, `t4`.`slug`, `t4`.`meta_description`, `t4`.`meta_keywords`, `t4`.`tax_category_id`, `t4`.`shipping_category_id`, `t4`.`created_at`, `t4`.`updated_at`, `t4`.`promotionable`, `t4`.`meta_title`
FROM (SELECT `variant_id`, `deleted_at` IS NULL AS `$f7`
FROM `spree_prices`
WHERE `deleted_at` IS NULL) AS `t0`
INNER JOIN (SELECT `t3`.`id`, `t3`.`name`, `t3`.`description`, `t3`.`available_on`, `t3`.`discontinue_on`, `t3`.`deleted_at`, `t3`.`slug`, `t3`.`meta_description`, `t3`.`meta_keywords`, `t3`.`tax_category_id`, `t3`.`shipping_category_id`, `t3`.`created_at`, `t3`.`updated_at`, `t3`.`promotionable`, `t3`.`meta_title`, `t2`.`id` AS `id0`
FROM (SELECT `id`, `is_master`, `product_id`, `deleted_at` IS NULL AS `$f18`
FROM `spree_variants`
WHERE `deleted_at` IS NULL AND `is_master`) AS `t2`
INNER JOIN (SELECT *
FROM `spree_products`
WHERE `deleted_at` IS NULL AND (`deleted_at` IS NULL OR `deleted_at` >= TIMESTAMP '2020-05-01 07:08:54') AND (`discontinue_on` IS NULL OR `discontinue_on` >= TIMESTAMP '2020-05-01 07:08:55') AND `available_on` <= TIMESTAMP '2020-05-01 07:08:55') AS `t3` ON `t2`.`product_id` = `t3`.`id`) AS `t4` ON `t0`.`variant_id` = `t4`.`id0`
GROUP BY `t4`.`id`, `t4`.`name`, `t4`.`description`, `t4`.`available_on`, `t4`.`discontinue_on`, `t4`.`deleted_at`, `t4`.`slug`, `t4`.`meta_description`, `t4`.`meta_keywords`, `t4`.`tax_category_id`, `t4`.`shipping_category_id`, `t4`.`created_at`, `t4`.`updated_at`, `t4`.`promotionable`, `t4`.`meta_title`
2020-05-26T18:41:51.332898Z	  238 Query	SHOW FULL TABLES FROM `spree_base` LIKE 'spree_countries'
2020-05-26T18:41:51.334187Z	  238 Query	SHOW FULL COLUMNS FROM `spree_countries` FROM `spree_base` LIKE '%'
2020-05-26T18:41:51.366456Z	  238 Query	SELECT `name`
FROM `spree_countries`
2020-05-26T18:41:51.463862Z	  238 Query	SELECT `completed_at`
FROM `spree_orders`
WHERE `user_id` = 658 AND `completed_at` IS NOT NULL
2020-05-26T18:41:51.517597Z	  238 Query	SELECT `completed_at`
FROM `spree_orders`
WHERE `user_id` = 660 AND `completed_at` IS NOT NULL
2020-05-26T18:41:51.522368Z	  238 Query	SHOW FULL TABLES FROM `spree_base` LIKE 'spree_taxons'
2020-05-26T18:41:51.523541Z	  238 Query	SHOW FULL COLUMNS FROM `spree_taxons` FROM `spree_base` LIKE '%'
2020-05-26T18:41:51.574442Z	  238 Query	SELECT `lft`
FROM `spree_taxons`
WHERE `parent_id` = 6
2020-05-26T18:41:51.615856Z	  238 Query	SELECT `lft`
FROM `spree_taxons`
WHERE `parent_id` = 17
2020-05-26T18:41:51.674891Z	  238 Query	SELECT `taxonomy_id`, `lft`
FROM `spree_taxons`
WHERE `name` LIKE '%Imaginary%'
2020-05-26T18:41:51.710721Z	  238 Query	SELECT `taxonomy_id`, `lft`
FROM `spree_taxons`
2020-05-26T18:41:51.734622Z	  238 Query	SHOW FULL TABLES FROM `spree_base` LIKE 'spree_payments'
2020-05-26T18:41:51.735384Z	  238 Query	SHOW FULL COLUMNS FROM `spree_payments` FROM `spree_base` LIKE '%'
2020-05-26T18:41:51.773414Z	  238 Query	SELECT `created_at`
FROM `spree_payments`
WHERE `order_id` = 23
2020-05-26T18:41:51.814722Z	  238 Query	SELECT `created_at`
FROM `spree_payments`
WHERE `order_id` = 45
2020-05-26T18:41:51.843131Z	  238 Query	SELECT `completed_at` IS NULL, `completed_at`, `created_at`
FROM `spree_orders`
WHERE `user_id` = 275
2020-05-26T18:41:51.867705Z	  238 Query	SELECT `completed_at` IS NULL, `completed_at`, `created_at`
FROM `spree_orders`
WHERE `user_id` = 277 AND `completed_at` IS NOT NULL
2020-05-26T18:41:51.872501Z	  238 Query	SHOW FULL TABLES FROM `spree_base` LIKE 'spree_stock_locations'
2020-05-26T18:41:51.873663Z	  238 Query	SHOW FULL COLUMNS FROM `spree_stock_locations` FROM `spree_base` LIKE '%'
2020-05-26T18:41:51.896220Z	  238 Query	SELECT `name`
FROM `spree_stock_locations`
WHERE `name` LIKE '%south%'
2020-05-26T18:41:51.922935Z	  238 Query	SELECT `name`
FROM `spree_stock_locations`
2020-05-26T18:41:51.959140Z	  238 Query	SELECT `name`
FROM `spree_stock_locations`
2020-05-26T18:41:51.977702Z	  238 Query	SHOW FULL TABLES FROM `spree_base` LIKE 'spree_zones'
2020-05-26T18:41:51.978806Z	  238 Query	SHOW FULL COLUMNS FROM `spree_zones` FROM `spree_base` LIKE '%'
2020-05-26T18:41:51.996058Z	  238 Query	SELECT `name`
FROM `spree_zones`
2020-05-26T18:41:52.027417Z	  238 Query	SELECT `name`
FROM `spree_zones`
2020-05-26T18:41:52.066653Z	  238 Query	SELECT `name`
FROM `spree_zones`
WHERE `name` LIKE '%south%'
2020-05-26T18:41:52.870234Z	  238 Query	SELECT `t4`.`id`, `t4`.`name`, `t4`.`description`, `t4`.`available_on`, `t4`.`discontinue_on`, `t4`.`deleted_at`, `t4`.`slug`, `t4`.`meta_description`, `t4`.`meta_keywords`, `t4`.`tax_category_id`, `t4`.`shipping_category_id`, `t4`.`created_at`, `t4`.`updated_at`, `t4`.`promotionable`, `t4`.`meta_title`
FROM (SELECT `variant_id`, `deleted_at` IS NULL AS `$f7`
FROM `spree_prices`
WHERE `deleted_at` IS NULL) AS `t0`
INNER JOIN (SELECT `t3`.`id`, `t3`.`name`, `t3`.`description`, `t3`.`available_on`, `t3`.`discontinue_on`, `t3`.`deleted_at`, `t3`.`slug`, `t3`.`meta_description`, `t3`.`meta_keywords`, `t3`.`tax_category_id`, `t3`.`shipping_category_id`, `t3`.`created_at`, `t3`.`updated_at`, `t3`.`promotionable`, `t3`.`meta_title`, `t2`.`id` AS `id0`
FROM (SELECT `id`, `is_master`, `product_id`, `deleted_at` IS NULL AS `$f18`
FROM `spree_variants`
WHERE `deleted_at` IS NULL AND `is_master`) AS `t2`
INNER JOIN (SELECT *
FROM `spree_products`
WHERE `deleted_at` IS NULL AND (`discontinue_on` IS NULL OR `discontinue_on` >= TIMESTAMP '2020-05-01 07:22:48') AND `available_on` <= TIMESTAMP '2020-05-01 07:22:48') AS `t3` ON `t2`.`product_id` = `t3`.`id`) AS `t4` ON `t0`.`variant_id` = `t4`.`id0`
GROUP BY `t4`.`id`, `t4`.`name`, `t4`.`description`, `t4`.`available_on`, `t4`.`discontinue_on`, `t4`.`deleted_at`, `t4`.`slug`, `t4`.`meta_description`, `t4`.`meta_keywords`, `t4`.`tax_category_id`, `t4`.`shipping_category_id`, `t4`.`created_at`, `t4`.`updated_at`, `t4`.`promotionable`, `t4`.`meta_title`
2020-05-26T18:41:52.878547Z	  238 Query	SHOW FULL TABLES FROM `spree_base` LIKE 'spree_product_properties'
2020-05-26T18:41:52.879742Z	  238 Query	SHOW FULL COLUMNS FROM `spree_product_properties` FROM `spree_base` LIKE '%'
2020-05-26T18:41:52.916570Z	  238 Query	SELECT `position`
FROM `spree_product_properties`
WHERE `product_id` = 1059
2020-05-26T18:41:52.953344Z	  238 Query	SELECT `position`
FROM `spree_product_properties`
WHERE `product_id` = 1061
2020-05-26T18:41:52.958094Z	  238 Query	SHOW FULL TABLES FROM `spree_base` LIKE 'spree_properties'
2020-05-26T18:41:52.959281Z	  238 Query	SHOW FULL COLUMNS FROM `spree_properties` FROM `spree_base` LIKE '%'
2020-05-26T18:41:53.125404Z	  238 Query	SELECT `t0`.`position`
FROM (SELECT `product_id`, `property_id`, `position`
FROM `spree_product_properties`
WHERE `product_id` = 1063) AS `t0`
LEFT JOIN (SELECT `id`, `name`
FROM `spree_properties`) AS `t1` ON `t0`.`property_id` = `t1`.`id`
WHERE `t1`.`name` LIKE '%size%'
2020-05-26T18:41:53.131201Z	  238 Query	SHOW FULL TABLES FROM `spree_base` LIKE 'spree_reimbursements'
2020-05-26T18:41:53.132234Z	  238 Query	SHOW FULL COLUMNS FROM `spree_reimbursements` FROM `spree_base` LIKE '%'
2020-05-26T18:41:53.155553Z	  238 Query	SELECT `created_at`
FROM `spree_reimbursements`
2020-05-26T18:41:53.201269Z	  238 Query	SHOW FULL TABLES FROM `spree_base` LIKE 'spree_customer_returns'
2020-05-26T18:41:53.202040Z	  238 Query	SHOW FULL COLUMNS FROM `spree_customer_returns` FROM `spree_base` LIKE '%'
2020-05-26T18:41:53.220964Z	  238 Query	SELECT `created_at`
FROM `spree_customer_returns`
2020-05-26T18:41:53.248488Z	  238 Query	SHOW FULL TABLES FROM `spree_base` LIKE 'spree_taxonomies'
2020-05-26T18:41:53.249354Z	  238 Query	SHOW FULL COLUMNS FROM `spree_taxonomies` FROM `spree_base` LIKE '%'
2020-05-26T18:41:53.307328Z	  238 Query	SELECT `position`, `created_at`, `name`
FROM `spree_taxonomies`
WHERE `name` LIKE '%style%'
2020-05-26T18:41:53.362238Z	  238 Query	SELECT `position`, `created_at`, `name`
FROM `spree_taxonomies`
2020-05-26T18:41:53.450359Z	  238 Query	SELECT `position`, `created_at`, `name`
FROM `spree_taxonomies`
2020-05-26T18:41:53.492802Z	  238 Query	SHOW FULL TABLES FROM `spree_base` LIKE 'spree_stock_transfers'
2020-05-26T18:41:53.493631Z	  238 Query	SHOW FULL COLUMNS FROM `spree_stock_transfers` FROM `spree_base` LIKE '%'
2020-05-26T18:41:53.537075Z	  238 Query	SELECT `created_at`
FROM `spree_stock_transfers`
WHERE `destination_location_id` = 4
2020-05-26T18:41:53.563612Z	  238 Query	SELECT `created_at`
FROM `spree_stock_transfers`
2020-05-26T18:41:53.630531Z	  238 Query	SELECT `created_at`
FROM `spree_stock_transfers`
WHERE `source_location_id` = 1
2020-05-26T18:42:02.782407Z	  236 Query	set global general_log = OFF
